Using pre-set license
Built from '2020.3/staging' branch; Version is '2020.3.21f1 (a38c86f6690f) revision 10718342'; Using compiler version '192528614'; Build Type 'Release'
OS: 'Windows 10 Home; OS build 19045.6093; Version 2009; 64bit' Language: 'en' Physical Memory: 32666 MB
BatchMode: 1, IsHumanControllingUs: 0, StartBugReporterOnCrash: 0, Is64bit: 1, IsPro: 0

COMMAND LINE ARGUMENTS:
C:\Program Files\Unity\Hub\Editor\2020.3.21f1\Editor\Unity.exe
-adb2
-batchMode
-noUpm
-name
AssetImportWorker0
-projectPath
D:/UnityProjects/platform
-logFile
Logs/AssetImportWorker0.log
-srvPort
65204
Successfully changed project path to: D:/UnityProjects/platform
D:/UnityProjects/platform
Using Asset Import Pipeline V2.
Refreshing native plugins compatible for Editor in 42.20 ms, found 3 plugins.
Preloading 0 native plugins for Editor in 0.00 ms.
Initialize engine version: 2020.3.21f1 (a38c86f6690f)
[Subsystems] Discovering subsystems at path C:/Program Files/Unity/Hub/Editor/2020.3.21f1/Editor/Data/Resources/UnitySubsystems
[Subsystems] Discovering subsystems at path D:/UnityProjects/platform/Assets
GfxDevice: creating device client; threaded=0
Direct3D:
    Version:  Direct3D 11.0 [level 11.1]
    Renderer: NVIDIA GeForce RTX 2070 (ID=0x1f02)
    Vendor:   
    VRAM:     8006 MB
    Driver:   32.0.15.7260
Initialize mono
Mono path[0] = 'C:/Program Files/Unity/Hub/Editor/2020.3.21f1/Editor/Data/Managed'
Mono path[1] = 'C:/Program Files/Unity/Hub/Editor/2020.3.21f1/Editor/Data/MonoBleedingEdge/lib/mono/unityjit'
Mono config path = 'C:/Program Files/Unity/Hub/Editor/2020.3.21f1/Editor/Data/MonoBleedingEdge/etc'
Using monoOptions --debugger-agent=transport=dt_socket,embedding=1,server=y,suspend=n,address=127.0.0.1:56280
Begin MonoManager ReloadAssembly
Registering precompiled unity dll's ...
Register platform support module: C:/Program Files/Unity/Hub/Editor/2020.3.21f1/Editor/Data/PlaybackEngines/WebGLSupport/UnityEditor.WebGL.Extensions.dll
Register platform support module: C:/Program Files/Unity/Hub/Editor/2020.3.21f1/Editor/Data/PlaybackEngines/WindowsStandaloneSupport/UnityEditor.WindowsStandalone.Extensions.dll
Registered in 0.002390 seconds.
Native extension for WindowsStandalone target not found
Native extension for WebGL target not found
Refreshing native plugins compatible for Editor in 37.28 ms, found 3 plugins.
Preloading 0 native plugins for Editor in 0.00 ms.
Mono: successfully reloaded assembly
- Completed reload, in  0.955 seconds
Domain Reload Profiling:
	ReloadAssembly (955ms)
		BeginReloadAssembly (44ms)
			ExecutionOrderSort (0ms)
			DisableScriptedObjects (0ms)
			BackupInstance (0ms)
			ReleaseScriptingObjects (0ms)
			CreateAndSetChildDomain (1ms)
		EndReloadAssembly (330ms)
			LoadAssemblies (42ms)
			RebuildTransferFunctionScriptingTraits (0ms)
			SetupTypeCache (105ms)
			ReleaseScriptCaches (0ms)
			RebuildScriptCaches (20ms)
			SetupLoadedEditorAssemblies (130ms)
				LogAssemblyErrors (0ms)
				InitializePlatformSupportModulesInManaged (4ms)
				SetLoadedEditorAssemblies (0ms)
				RefreshPlugins (37ms)
				BeforeProcessingInitializeOnLoad (10ms)
				ProcessInitializeOnLoadAttributes (59ms)
				ProcessInitializeOnLoadMethodAttributes (20ms)
				AfterProcessingInitializeOnLoad (0ms)
				EditorAssembliesLoaded (0ms)
			ExecutionOrderSort2 (0ms)
			AwakeInstancesAfterBackupRestoration (0ms)
Platform modules already initialized, skipping
Registering precompiled user dll's ...
Registered in 0.002776 seconds.
Begin MonoManager ReloadAssembly
Native extension for WindowsStandalone target not found
Native extension for WebGL target not found
Refreshing native plugins compatible for Editor in 37.13 ms, found 3 plugins.
Preloading 0 native plugins for Editor in 0.00 ms.
Mono: successfully reloaded assembly
- Completed reload, in  0.823 seconds
Domain Reload Profiling:
	ReloadAssembly (824ms)
		BeginReloadAssembly (104ms)
			ExecutionOrderSort (0ms)
			DisableScriptedObjects (3ms)
			BackupInstance (0ms)
			ReleaseScriptingObjects (0ms)
			CreateAndSetChildDomain (14ms)
		EndReloadAssembly (673ms)
			LoadAssemblies (71ms)
			RebuildTransferFunctionScriptingTraits (0ms)
			SetupTypeCache (204ms)
			ReleaseScriptCaches (0ms)
			RebuildScriptCaches (34ms)
			SetupLoadedEditorAssemblies (280ms)
				LogAssemblyErrors (0ms)
				InitializePlatformSupportModulesInManaged (4ms)
				SetLoadedEditorAssemblies (0ms)
				RefreshPlugins (37ms)
				BeforeProcessingInitializeOnLoad (60ms)
				ProcessInitializeOnLoadAttributes (160ms)
				ProcessInitializeOnLoadMethodAttributes (13ms)
				AfterProcessingInitializeOnLoad (7ms)
				EditorAssembliesLoaded (0ms)
			ExecutionOrderSort2 (0ms)
			AwakeInstancesAfterBackupRestoration (6ms)
Platform modules already initialized, skipping
========================================================================
Worker process is ready to serve import requests
Launched and connected shader compiler UnityShaderCompiler.exe after 0.03 seconds
Refreshing native plugins compatible for Editor in 0.80 ms, found 3 plugins.
Preloading 0 native plugins for Editor in 0.00 ms.
Unloading 2359 Unused Serialized files (Serialized files now loaded: 0)
System memory in use before: 103.0 MB.
System memory in use after: 103.1 MB.

Unloading 29 unused Assets to reduce memory usage. Loaded Objects now: 2792.
Total: 4.434800 ms (FindLiveObjects: 0.387700 ms CreateObjectMapping: 0.140300 ms MarkObjects: 3.843100 ms  DeleteObjects: 0.062200 ms)

AssetImportParameters requested are different than current active one (requested -> active):
  custom:framework-win-MediaFoundation: 216162199b28c13a410421893ffa2e32 -> 
  custom:video-decoder-ogg-theora: a1e56fd34408186e4bbccfd4996cb3dc -> 
  custom:container-muxer-webm: aa71ff27fc2769a1b78a27578f13a17b -> 
  custom:container-demuxer-webm: 4f35f7cbe854078d1ac9338744f61a02 -> 
  custom:container-demuxer-ogg: 62fdf1f143b41e24485cea50d1cbac27 -> 
  custom:video-encoder-webm-vp8: eb34c28f22e8b96e1ab97ce403110664 -> 
  custom:video-codec-MediaFoundation-h265: e54d7ab0439102e2317fc1e4b246158d -> 
  custom:video-decoder-webm-vp8: 9c59270c3fd7afecdb556c50c9e8de78 -> 
  custom:audio-decoder-ogg-vorbis: bf7c407c2cedff20999df2af8eb42d56 -> 
  custom:audio-encoder-webm-vorbis: bf7c407c2cedff20999df2af8eb42d56 -> 
========================================================================
Received Import Request.
  path: Assets/Sounds/VOiD1 Gaming/Platformer Music Pak LITE/Platformer Music Pak LITE/7. Cinematic/Haze and Mirrors.wav
  artifactKey: Guid(5d6a65a7dc5597e4199aca8182dd78c3) Importer(815301076,1909f56bfc062723c751e8b465ee728b)
Start importing Assets/Sounds/VOiD1 Gaming/Platformer Music Pak LITE/Platformer Music Pak LITE/7. Cinematic/Haze and Mirrors.wav using Guid(5d6a65a7dc5597e4199aca8182dd78c3) Importer(815301076,1909f56bfc062723c751e8b465ee728b)  -> (artifact id: 'fbc1203ff6473e091aa299ebf8c53b06') in 0.065824 seconds 
  Import took 0.068811 seconds .

========================================================================
Received Import Request.
  Time since last request: 0.000144 seconds.
  path: Assets/Master.mixer
  artifactKey: Guid(ca3a03b698b98a24397f2e5e11db9cec) Importer(815301076,1909f56bfc062723c751e8b465ee728b)
Start importing Assets/Master.mixer using Guid(ca3a03b698b98a24397f2e5e11db9cec) Importer(815301076,1909f56bfc062723c751e8b465ee728b)  -> (artifact id: 'dbcdb4e2e2099d1e793859df98351c30') in 0.009428 seconds 
  Import took 0.012354 seconds .

========================================================================
Received Import Request.
  Time since last request: 0.000113 seconds.
  path: Assets/Sounds/VOiD1 Gaming/Platformer Music Pak LITE/Platformer Music Pak LITE/5. Chill/Complete Zen.wav
  artifactKey: Guid(fff7cadfb9c92cc489759a2a3c6c98ba) Importer(815301076,1909f56bfc062723c751e8b465ee728b)
Start importing Assets/Sounds/VOiD1 Gaming/Platformer Music Pak LITE/Platformer Music Pak LITE/5. Chill/Complete Zen.wav using Guid(fff7cadfb9c92cc489759a2a3c6c98ba) Importer(815301076,1909f56bfc062723c751e8b465ee728b)  -> (artifact id: '57648aa5d6638cacbd2ce056f5a0aaa8') in 0.011712 seconds 
  Import took 0.014512 seconds .

========================================================================
Received Import Request.
  Time since last request: 24.916825 seconds.
  path: Assets/Sounds/VOiD1 Gaming/Platformer Music Pak LITE/Platformer Music Pak LITE/5. Chill/Dream Sailing.wav
  artifactKey: Guid(4331deaa6c40ffe4cb669e705cb3b8a9) Importer(815301076,1909f56bfc062723c751e8b465ee728b)
Start importing Assets/Sounds/VOiD1 Gaming/Platformer Music Pak LITE/Platformer Music Pak LITE/5. Chill/Dream Sailing.wav using Guid(4331deaa6c40ffe4cb669e705cb3b8a9) Importer(815301076,1909f56bfc062723c751e8b465ee728b)  -> (artifact id: 'c47e627670d571412a09df2bf897dec5') in 0.011887 seconds 
  Import took 0.014772 seconds .

========================================================================
Received Import Request.
  Time since last request: 0.000123 seconds.
  path: Assets/Sounds/VOiD1 Gaming/Platformer Music Pak LITE/Platformer Music Pak LITE/5. Chill/Peace Within.wav
  artifactKey: Guid(fab159d39b017c647987e2bf68a4cfbb) Importer(815301076,1909f56bfc062723c751e8b465ee728b)
Start importing Assets/Sounds/VOiD1 Gaming/Platformer Music Pak LITE/Platformer Music Pak LITE/5. Chill/Peace Within.wav using Guid(fab159d39b017c647987e2bf68a4cfbb) Importer(815301076,1909f56bfc062723c751e8b465ee728b)  -> (artifact id: 'c1bcc1e49864d31cca087881f6d674da') in 0.011985 seconds 
  Import took 0.014533 seconds .

========================================================================
Received Import Request.
  Time since last request: 0.000123 seconds.
  path: Assets/Sounds/VOiD1 Gaming/Platformer Music Pak LITE/Platformer Music Pak LITE/5. Chill/Solitary Happiness.wav
  artifactKey: Guid(f4b0691b50fe4ea4193196425595d059) Importer(815301076,1909f56bfc062723c751e8b465ee728b)
Start importing Assets/Sounds/VOiD1 Gaming/Platformer Music Pak LITE/Platformer Music Pak LITE/5. Chill/Solitary Happiness.wav using Guid(f4b0691b50fe4ea4193196425595d059) Importer(815301076,1909f56bfc062723c751e8b465ee728b)  -> (artifact id: '9558cecb37c41da2c18a31cf9985e3fc') in 0.014868 seconds 
  Import took 0.017770 seconds .

========================================================================
Received Import Request.
  Time since last request: 0.000128 seconds.
  path: Assets/Sounds/VOiD1 Gaming/Platformer Music Pak LITE/Platformer Music Pak LITE/5. Chill/Final Win.wav
  artifactKey: Guid(f8478f7824c3aba42be4dd481060adba) Importer(815301076,1909f56bfc062723c751e8b465ee728b)
Start importing Assets/Sounds/VOiD1 Gaming/Platformer Music Pak LITE/Platformer Music Pak LITE/5. Chill/Final Win.wav using Guid(f8478f7824c3aba42be4dd481060adba) Importer(815301076,1909f56bfc062723c751e8b465ee728b)  -> (artifact id: 'ce7f58964d432fcb6c24b064eff772eb') in 0.012497 seconds 
  Import took 0.015465 seconds .

========================================================================
Received Import Request.
  Time since last request: 1.826608 seconds.
  path: Assets/Scenes
  artifactKey: Guid(3ee2b81fa2e9c4542872ca0d0b919dab) Importer(815301076,1909f56bfc062723c751e8b465ee728b)
Start importing Assets/Scenes using Guid(3ee2b81fa2e9c4542872ca0d0b919dab) Importer(815301076,1909f56bfc062723c751e8b465ee728b)  -> (artifact id: '68c06d1dad3888805292a14652fb9aeb') in 0.001771 seconds 
  Import took 0.004634 seconds .

========================================================================
Received Import Request.
  Time since last request: 0.923667 seconds.
  path: Assets/Scenes/Mainmenu.unity
  artifactKey: Guid(e27166cd327ef4b4caa298b7e040cb64) Importer(815301076,1909f56bfc062723c751e8b465ee728b)
Start importing Assets/Scenes/Mainmenu.unity using Guid(e27166cd327ef4b4caa298b7e040cb64) Importer(815301076,1909f56bfc062723c751e8b465ee728b)  -> (artifact id: 'e488194cb9be67dd471db2941a0813fe') in 0.007878 seconds 
  Import took 0.010761 seconds .

========================================================================
Received Prepare
Registering precompiled user dll's ...
Registered in 0.002619 seconds.
Begin MonoManager ReloadAssembly
Native extension for WindowsStandalone target not found
Native extension for WebGL target not found
Refreshing native plugins compatible for Editor in 0.63 ms, found 3 plugins.
Preloading 0 native plugins for Editor in 0.00 ms.
Mono: successfully reloaded assembly
- Completed reload, in  0.726 seconds
Domain Reload Profiling:
	ReloadAssembly (726ms)
		BeginReloadAssembly (91ms)
			ExecutionOrderSort (0ms)
			DisableScriptedObjects (4ms)
			BackupInstance (0ms)
			ReleaseScriptingObjects (0ms)
			CreateAndSetChildDomain (27ms)
		EndReloadAssembly (589ms)
			LoadAssemblies (67ms)
			RebuildTransferFunctionScriptingTraits (0ms)
			SetupTypeCache (194ms)
			ReleaseScriptCaches (1ms)
			RebuildScriptCaches (29ms)
			SetupLoadedEditorAssemblies (235ms)
				LogAssemblyErrors (0ms)
				InitializePlatformSupportModulesInManaged (5ms)
				SetLoadedEditorAssemblies (0ms)
				RefreshPlugins (1ms)
				BeforeProcessingInitializeOnLoad (72ms)
				ProcessInitializeOnLoadAttributes (142ms)
				ProcessInitializeOnLoadMethodAttributes (8ms)
				AfterProcessingInitializeOnLoad (7ms)
				EditorAssembliesLoaded (0ms)
			ExecutionOrderSort2 (0ms)
			AwakeInstancesAfterBackupRestoration (6ms)
Platform modules already initialized, skipping
Refreshing native plugins compatible for Editor in 0.90 ms, found 3 plugins.
Preloading 0 native plugins for Editor in 0.00 ms.
Unloading 2333 Unused Serialized files (Serialized files now loaded: 0)
System memory in use before: 104.0 MB.
System memory in use after: 104.3 MB.

Unloading 18 unused Assets to reduce memory usage. Loaded Objects now: 2803.
Total: 4.083500 ms (FindLiveObjects: 0.385900 ms CreateObjectMapping: 0.286900 ms MarkObjects: 3.391600 ms  DeleteObjects: 0.017900 ms)

AssetImportParameters requested are different than current active one (requested -> active):
  custom:framework-win-MediaFoundation: 216162199b28c13a410421893ffa2e32 -> 
  custom:video-decoder-ogg-theora: a1e56fd34408186e4bbccfd4996cb3dc -> 
  custom:container-muxer-webm: aa71ff27fc2769a1b78a27578f13a17b -> 
  custom:container-demuxer-webm: 4f35f7cbe854078d1ac9338744f61a02 -> 
  custom:container-demuxer-ogg: 62fdf1f143b41e24485cea50d1cbac27 -> 
  custom:video-encoder-webm-vp8: eb34c28f22e8b96e1ab97ce403110664 -> 
  custom:video-codec-MediaFoundation-h265: e54d7ab0439102e2317fc1e4b246158d -> 
  custom:video-decoder-webm-vp8: 9c59270c3fd7afecdb556c50c9e8de78 -> 
  custom:audio-decoder-ogg-vorbis: bf7c407c2cedff20999df2af8eb42d56 -> 
  custom:audio-encoder-webm-vorbis: bf7c407c2cedff20999df2af8eb42d56 -> 
AssetImportWorkerClient::OnTransportError - code=2 error=End of file
